# JRE version: OpenJDK Runtime Environment Temurin-17.0.1+12 (17.0.1+12) (build 17.0.1+12)
# Java VM: OpenJDK 64-Bit Server VM Temurin-17.0.1+12 (17.0.1+12, mixed mode, tiered, compressed oops, compressed class ptrs, parallel gc, windows-amd64)
GC Precious Log:
 CPUs: 6 total, 6 available
 Memory: 15290M
 Large Page Support: Disabled
 NUMA Support: Disabled
 Compressed Oops: Enabled (32-bit)
 Alignments: Space 512K, Generation 512K, Heap 2M
 Heap Min Capacity: 100M
 Heap Initial Capacity: 100M
 Heap Max Capacity: 1G
 Pre-touch: Disabled
 Parallel Workers: 6
Heap:
 PSYoungGen      total 2048K, used 1568K [0x00000000eab00000, 0x00000000eae80000, 0x0000000100000000)
  eden space 1024K, 100% used [0x00000000eab00000,0x00000000eac00000,0x00000000eac00000)
  from space 1024K, 53% used [0x00000000ead80000,0x00000000eae08000,0x00000000eae80000)
  to   space 1024K, 100% used [0x00000000eac80000,0x00000000ead80000,0x00000000ead80000)
 ParOldGen       total 324096K, used 273534K [0x00000000c0000000, 0x00000000d3c80000, 0x00000000eab00000)
  object space 324096K, 84% used [0x00000000c0000000,0x00000000d0b1fba8,0x00000000d3c80000)
 Metaspace       used 78236K, committed 79296K, reserved 1122304K
  class space    used 7632K, committed 8064K, reserved 1048576K
GC Heap History (20 events):
Event: 975.104 GC heap after
{Heap after GC invocations=2280 (full 70):
 PSYoungGen      total 3072K, used 1088K [0x00000000eab00000, 0x00000000eaf80000, 0x0000000100000000)
  eden space 1536K, 0% used [0x00000000eab00000,0x00000000eab00000,0x00000000eac80000)
  from space 1536K, 70% used [0x00000000eac80000,0x00000000ead90000,0x00000000eae00000)
  to   space 1536K, 0% used [0x00000000eae00000,0x00000000eae00000,0x00000000eaf80000)
 ParOldGen       total 324096K, used 264019K [0x00000000c0000000, 0x00000000d3c80000, 0x00000000eab00000)
  object space 324096K, 81% used [0x00000000c0000000,0x00000000d01d4dc8,0x00000000d3c80000)
 Metaspace       used 78236K, committed 79296K, reserved 1122304K
  class space    used 7632K, committed 8064K, reserved 1048576K
}
Event: 975.291 GC heap before
{Heap before GC invocations=2281 (full 70):
 PSYoungGen      total 3072K, used 2624K [0x00000000eab00000, 0x00000000eaf80000, 0x0000000100000000)
  eden space 1536K, 100% used [0x00000000eab00000,0x00000000eac80000,0x00000000eac80000)
  from space 1536K, 70% used [0x00000000eac80000,0x00000000ead90000,0x00000000eae00000)
  to   space 1536K, 0% used [0x00000000eae00000,0x00000000eae00000,0x00000000eaf80000)
 ParOldGen       total 324096K, used 264019K [0x00000000c0000000, 0x00000000d3c80000, 0x00000000eab00000)
  object space 324096K, 81% used [0x00000000c0000000,0x00000000d01d4dc8,0x00000000d3c80000)
 Metaspace       used 78236K, committed 79296K, reserved 1122304K
  class space    used 7632K, committed 8064K, reserved 1048576K
}
Event: 975.295 GC heap after
{Heap after GC invocations=2281 (full 70):
 PSYoungGen      total 3072K, used 1242K [0x00000000eab00000, 0x00000000eb000000, 0x0000000100000000)
  eden space 1536K, 0% used [0x00000000eab00000,0x00000000eab00000,0x00000000eac80000)
  from space 1536K, 80% used [0x00000000eae00000,0x00000000eaf36900,0x00000000eaf80000)
  to   space 1536K, 0% used [0x00000000eac80000,0x00000000eac80000,0x00000000eae00000)
 ParOldGen       total 324096K, used 265043K [0x00000000c0000000, 0x00000000d3c80000, 0x00000000eab00000)
  object space 324096K, 81% used [0x00000000c0000000,0x00000000d02d4dc8,0x00000000d3c80000)
 Metaspace       used 78236K, committed 79296K, reserved 1122304K
  class space    used 7632K, committed 8064K, reserved 1048576K
}
Event: 975.297 GC heap before
{Heap before GC invocations=2282 (full 70):
 PSYoungGen      total 3072K, used 2778K [0x00000000eab00000, 0x00000000eb000000, 0x0000000100000000)
  eden space 1536K, 99% used [0x00000000eab00000,0x00000000eac7fff0,0x00000000eac80000)
  from space 1536K, 80% used [0x00000000eae00000,0x00000000eaf36900,0x00000000eaf80000)
  to   space 1536K, 0% used [0x00000000eac80000,0x00000000eac80000,0x00000000eae00000)
 ParOldGen       total 324096K, used 265043K [0x00000000c0000000, 0x00000000d3c80000, 0x00000000eab00000)
  object space 324096K, 81% used [0x00000000c0000000,0x00000000d02d4dc8,0x00000000d3c80000)
 Metaspace       used 78236K, committed 79296K, reserved 1122304K
  class space    used 7632K, committed 8064K, reserved 1048576K
}
Event: 975.299 GC heap after
{Heap after GC invocations=2282 (full 70):
 PSYoungGen      total 3072K, used 544K [0x00000000eab00000, 0x00000000eaf00000, 0x0000000100000000)
  eden space 1536K, 0% used [0x00000000eab00000,0x00000000eab00000,0x00000000eac80000)
  from space 1536K, 35% used [0x00000000eac80000,0x00000000ead08000,0x00000000eae00000)
  to   space 1024K, 0% used [0x00000000eae00000,0x00000000eae00000,0x00000000eaf00000)
 ParOldGen       total 324096K, used 266197K [0x00000000c0000000, 0x00000000d3c80000, 0x00000000eab00000)
  object space 324096K, 82% used [0x00000000c0000000,0x00000000d03f5628,0x00000000d3c80000)
 Metaspace       used 78236K, committed 79296K, reserved 1122304K
  class space    used 7632K, committed 8064K, reserved 1048576K
}
Event: 975.301 GC heap before
{Heap before GC invocations=2283 (full 70):
 PSYoungGen      total 3072K, used 2080K [0x00000000eab00000, 0x00000000eaf00000, 0x0000000100000000)
  eden space 1536K, 100% used [0x00000000eab00000,0x00000000eac80000,0x00000000eac80000)
  from space 1536K, 35% used [0x00000000eac80000,0x00000000ead08000,0x00000000eae00000)
  to   space 1024K, 0% used [0x00000000eae00000,0x00000000eae00000,0x00000000eaf00000)
 ParOldGen       total 324096K, used 266197K [0x00000000c0000000, 0x00000000d3c80000, 0x00000000eab00000)
  object space 324096K, 82% used [0x00000000c0000000,0x00000000d03f5628,0x00000000d3c80000)
 Metaspace       used 78236K, committed 79296K, reserved 1122304K
  class space    used 7632K, committed 8064K, reserved 1048576K
}
Event: 975.302 GC heap after
{Heap after GC invocations=2283 (full 70):
 PSYoungGen      total 2048K, used 1005K [0x00000000eab00000, 0x00000000eb100000, 0x0000000100000000)
  eden space 1024K, 0% used [0x00000000eab00000,0x00000000eab00000,0x00000000eac00000)
  from space 1024K, 98% used [0x00000000eae00000,0x00000000eaefb790,0x00000000eaf00000)
  to   space 2048K, 0% used [0x00000000eac00000,0x00000000eac00000,0x00000000eae00000)
 ParOldGen       total 324096K, used 266827K [0x00000000c0000000, 0x00000000d3c80000, 0x00000000eab00000)
  object space 324096K, 82% used [0x00000000c0000000,0x00000000d0492c88,0x00000000d3c80000)
 Metaspace       used 78236K, committed 79296K, reserved 1122304K
  class space    used 7632K, committed 8064K, reserved 1048576K
}
Event: 975.303 GC heap before
{Heap before GC invocations=2284 (full 70):
 PSYoungGen      total 2048K, used 2029K [0x00000000eab00000, 0x00000000eb100000, 0x0000000100000000)
  eden space 1024K, 100% used [0x00000000eab00000,0x00000000eac00000,0x00000000eac00000)
  from space 1024K, 98% used [0x00000000eae00000,0x00000000eaefb790,0x00000000eaf00000)
  to   space 2048K, 0% used [0x00000000eac00000,0x00000000eac00000,0x00000000eae00000)
 ParOldGen       total 324096K, used 266827K [0x00000000c0000000, 0x00000000d3c80000, 0x00000000eab00000)
  object space 324096K, 82% used [0x00000000c0000000,0x00000000d0492c88,0x00000000d3c80000)
 Metaspace       used 78236K, committed 79296K, reserved 1122304K
  class space    used 7632K, committed 8064K, reserved 1048576K
}
Event: 975.304 GC heap after
{Heap after GC invocations=2284 (full 70):
 PSYoungGen      total 3072K, used 960K [0x00000000eab00000, 0x00000000eaf80000, 0x0000000100000000)
  eden space 1024K, 0% used [0x00000000eab00000,0x00000000eab00000,0x00000000eac00000)
  from space 2048K, 46% used [0x00000000eac00000,0x00000000eacf0000,0x00000000eae00000)
  to   space 1536K, 0% used [0x00000000eae00000,0x00000000eae00000,0x00000000eaf80000)
 ParOldGen       total 324096K, used 267865K [0x00000000c0000000, 0x00000000d3c80000, 0x00000000eab00000)
  object space 324096K, 82% used [0x00000000c0000000,0x00000000d0596418,0x00000000d3c80000)
 Metaspace       used 78236K, committed 79296K, reserved 1122304K
  class space    used 7632K, committed 8064K, reserved 1048576K
}
Event: 975.305 GC heap before
{Heap before GC invocations=2285 (full 70):
 PSYoungGen      total 3072K, used 1983K [0x00000000eab00000, 0x00000000eaf80000, 0x0000000100000000)
  eden space 1024K, 99% used [0x00000000eab00000,0x00000000eabfffd8,0x00000000eac00000)
  from space 2048K, 46% used [0x00000000eac00000,0x00000000eacf0000,0x00000000eae00000)
  to   space 1536K, 0% used [0x00000000eae00000,0x00000000eae00000,0x00000000eaf80000)
 ParOldGen       total 324096K, used 267865K [0x00000000c0000000, 0x00000000d3c80000, 0x00000000eab00000)
  object space 324096K, 82% used [0x00000000c0000000,0x00000000d0596418,0x00000000d3c80000)
 Metaspace       used 78236K, committed 79296K, reserved 1122304K
  class space    used 7632K, committed 8064K, reserved 1048576K
}
Event: 975.307 GC heap after
{Heap after GC invocations=2285 (full 70):
 PSYoungGen      total 3072K, used 1024K [0x00000000eab00000, 0x00000000eaf80000, 0x0000000100000000)
  eden space 1536K, 0% used [0x00000000eab00000,0x00000000eab00000,0x00000000eac80000)
  from space 1536K, 66% used [0x00000000eae00000,0x00000000eaf00000,0x00000000eaf80000)
  to   space 1536K, 0% used [0x00000000eac80000,0x00000000eac80000,0x00000000eae00000)
 ParOldGen       total 324096K, used 268817K [0x00000000c0000000, 0x00000000d3c80000, 0x00000000eab00000)
  object space 324096K, 82% used [0x00000000c0000000,0x00000000d0684418,0x00000000d3c80000)
 Metaspace       used 78236K, committed 79296K, reserved 1122304K
  class space    used 7632K, committed 8064K, reserved 1048576K
}
Event: 975.311 GC heap before
{Heap before GC invocations=2286 (full 70):
 PSYoungGen      total 3072K, used 2468K [0x00000000eab00000, 0x00000000eaf80000, 0x0000000100000000)
  eden space 1536K, 94% used [0x00000000eab00000,0x00000000eac69208,0x00000000eac80000)
  from space 1536K, 66% used [0x00000000eae00000,0x00000000eaf00000,0x00000000eaf80000)
  to   space 1536K, 0% used [0x00000000eac80000,0x00000000eac80000,0x00000000eae00000)
 ParOldGen       total 324096K, used 268817K [0x00000000c0000000, 0x00000000d3c80000, 0x00000000eab00000)
  object space 324096K, 82% used [0x00000000c0000000,0x00000000d0684418,0x00000000d3c80000)
 Metaspace       used 78236K, committed 79296K, reserved 1122304K
  class space    used 7632K, committed 8064K, reserved 1048576K
}
Event: 975.313 GC heap after
{Heap after GC invocations=2286 (full 70):
 PSYoungGen      total 3072K, used 1216K [0x00000000eab00000, 0x00000000eb000000, 0x0000000100000000)
  eden space 1536K, 0% used [0x00000000eab00000,0x00000000eab00000,0x00000000eac80000)
  from space 1536K, 79% used [0x00000000eac80000,0x00000000eadb0000,0x00000000eae00000)
  to   space 1536K, 0% used [0x00000000eae80000,0x00000000eae80000,0x00000000eb000000)
 ParOldGen       total 324096K, used 269817K [0x00000000c0000000, 0x00000000d3c80000, 0x00000000eab00000)
  object space 324096K, 83% used [0x00000000c0000000,0x00000000d077e418,0x00000000d3c80000)
 Metaspace       used 78236K, committed 79296K, reserved 1122304K
  class space    used 7632K, committed 8064K, reserved 1048576K
}
Event: 975.314 GC heap before
{Heap before GC invocations=2287 (full 70):
 PSYoungGen      total 3072K, used 2752K [0x00000000eab00000, 0x00000000eb000000, 0x0000000100000000)
  eden space 1536K, 100% used [0x00000000eab00000,0x00000000eac80000,0x00000000eac80000)
  from space 1536K, 79% used [0x00000000eac80000,0x00000000eadb0000,0x00000000eae00000)
  to   space 1536K, 0% used [0x00000000eae80000,0x00000000eae80000,0x00000000eb000000)
 ParOldGen       total 324096K, used 269817K [0x00000000c0000000, 0x00000000d3c80000, 0x00000000eab00000)
  object space 324096K, 83% used [0x00000000c0000000,0x00000000d077e418,0x00000000d3c80000)
 Metaspace       used 78236K, committed 79296K, reserved 1122304K
  class space    used 7632K, committed 8064K, reserved 1048576K
}
Event: 975.315 GC heap after
{Heap after GC invocations=2287 (full 70):
 PSYoungGen      total 2048K, used 1517K [0x00000000eab00000, 0x00000000eb300000, 0x0000000100000000)
  eden space 512K, 0% used [0x00000000eab00000,0x00000000eab00000,0x00000000eab80000)
  from space 1536K, 98% used [0x00000000eae80000,0x00000000eaffb790,0x00000000eb000000)
  to   space 3072K, 0% used [0x00000000eab80000,0x00000000eab80000,0x00000000eae80000)
 ParOldGen       total 324096K, used 270993K [0x00000000c0000000, 0x00000000d3c80000, 0x00000000eab00000)
  object space 324096K, 83% used [0x00000000c0000000,0x00000000d08a4418,0x00000000d3c80000)
 Metaspace       used 78236K, committed 79296K, reserved 1122304K
  class space    used 7632K, committed 8064K, reserved 1048576K
}
Event: 975.316 GC heap before
{Heap before GC invocations=2288 (full 70):
 PSYoungGen      total 2048K, used 2029K [0x00000000eab00000, 0x00000000eb300000, 0x0000000100000000)
  eden space 512K, 100% used [0x00000000eab00000,0x00000000eab80000,0x00000000eab80000)
  from space 1536K, 98% used [0x00000000eae80000,0x00000000eaffb790,0x00000000eb000000)
  to   space 3072K, 0% used [0x00000000eab80000,0x00000000eab80000,0x00000000eae80000)
 ParOldGen       total 324096K, used 270993K [0x00000000c0000000, 0x00000000d3c80000, 0x00000000eab00000)
  object space 324096K, 83% used [0x00000000c0000000,0x00000000d08a4418,0x00000000d3c80000)
 Metaspace       used 78236K, committed 79296K, reserved 1122304K
  class space    used 7632K, committed 8064K, reserved 1048576K
}
Event: 975.318 GC heap after
{Heap after GC invocations=2288 (full 70):
 PSYoungGen      total 1536K, used 576K [0x00000000eab00000, 0x00000000eaf00000, 0x0000000100000000)
  eden space 512K, 0% used [0x00000000eab00000,0x00000000eab00000,0x00000000eab80000)
  from space 1024K, 56% used [0x00000000eab80000,0x00000000eac10000,0x00000000eac80000)
  to   space 1536K, 0% used [0x00000000ead80000,0x00000000ead80000,0x00000000eaf00000)
 ParOldGen       total 324096K, used 272502K [0x00000000c0000000, 0x00000000d3c80000, 0x00000000eab00000)
  object space 324096K, 84% used [0x00000000c0000000,0x00000000d0a1dba8,0x00000000d3c80000)
 Metaspace       used 78236K, committed 79296K, reserved 1122304K
  class space    used 7632K, committed 8064K, reserved 1048576K
}
Event: 975.319 GC heap before
{Heap before GC invocations=2289 (full 70):
 PSYoungGen      total 1536K, used 1088K [0x00000000eab00000, 0x00000000eaf00000, 0x0000000100000000)
  eden space 512K, 100% used [0x00000000eab00000,0x00000000eab80000,0x00000000eab80000)
  from space 1024K, 56% used [0x00000000eab80000,0x00000000eac10000,0x00000000eac80000)
  to   space 1536K, 0% used [0x00000000ead80000,0x00000000ead80000,0x00000000eaf00000)
 ParOldGen       total 324096K, used 272502K [0x00000000c0000000, 0x00000000d3c80000, 0x00000000eab00000)
  object space 324096K, 84% used [0x00000000c0000000,0x00000000d0a1dba8,0x00000000d3c80000)
 Metaspace       used 78236K, committed 79296K, reserved 1122304K
  class space    used 7632K, committed 8064K, reserved 1048576K
}
Event: 975.320 GC heap after
{Heap after GC invocations=2289 (full 70):
 PSYoungGen      total 2048K, used 544K [0x00000000eab00000, 0x00000000eae80000, 0x0000000100000000)
  eden space 1024K, 0% used [0x00000000eab00000,0x00000000eab00000,0x00000000eac00000)
  from space 1024K, 53% used [0x00000000ead80000,0x00000000eae08000,0x00000000eae80000)
  to   space 1024K, 0% used [0x00000000eac80000,0x00000000eac80000,0x00000000ead80000)
 ParOldGen       total 324096K, used 273006K [0x00000000c0000000, 0x00000000d3c80000, 0x00000000eab00000)
  object space 324096K, 84% used [0x00000000c0000000,0x00000000d0a9bba8,0x00000000d3c80000)
 Metaspace       used 78236K, committed 79296K, reserved 1122304K
  class space    used 7632K, committed 8064K, reserved 1048576K
}
Event: 975.321 GC heap before
{Heap before GC invocations=2290 (full 70):
 PSYoungGen      total 2048K, used 1568K [0x00000000eab00000, 0x00000000eae80000, 0x0000000100000000)
  eden space 1024K, 100% used [0x00000000eab00000,0x00000000eac00000,0x00000000eac00000)
  from space 1024K, 53% used [0x00000000ead80000,0x00000000eae08000,0x00000000eae80000)
  to   space 1024K, 0% used [0x00000000eac80000,0x00000000eac80000,0x00000000ead80000)
 ParOldGen       total 324096K, used 273006K [0x00000000c0000000, 0x00000000d3c80000, 0x00000000eab00000)
  object space 324096K, 84% used [0x00000000c0000000,0x00000000d0a9bba8,0x00000000d3c80000)
 Metaspace       used 78236K, committed 79296K, reserved 1122304K
  class space    used 7632K, committed 8064K, reserved 1048576K
}

